<?xml version="1.0" encoding="UTF-8"?>
<coverage generated="1762494250883" clover="3.2.0">
  <project timestamp="1762494250883" name="All files">
    <metrics statements="201" coveredstatements="145" conditionals="103" coveredconditionals="68" methods="66" coveredmethods="54" elements="370" coveredelements="267" complexity="0" loc="201" ncloc="201" packages="1" files="2" classes="2"/>
    <file name="App.jsx" path="/workspace/pomotodo/src/App.jsx">
      <metrics statements="169" coveredstatements="113" conditionals="88" coveredconditionals="53" methods="62" coveredmethods="50"/>
      <line num="5" count="1" type="stmt"/>
      <line num="6" count="1" type="stmt"/>
      <line num="9" count="1" type="stmt"/>
      <line num="14" count="37" type="stmt"/>
      <line num="18" count="156" type="stmt"/>
      <line num="19" count="156" type="stmt"/>
      <line num="20" count="156" type="stmt"/>
      <line num="64" count="1" type="stmt"/>
      <line num="68" count="2" type="stmt"/>
      <line num="69" count="2" type="stmt"/>
      <line num="70" count="2" type="stmt"/>
      <line num="113" count="162" type="stmt"/>
      <line num="114" count="161" type="stmt"/>
      <line num="115" count="161" type="stmt"/>
      <line num="116" count="161" type="stmt"/>
      <line num="117" count="161" type="stmt"/>
      <line num="118" count="161" type="stmt"/>
      <line num="119" count="161" type="stmt"/>
      <line num="120" count="161" type="stmt"/>
      <line num="121" count="161" type="stmt"/>
      <line num="122" count="161" type="stmt"/>
      <line num="124" count="161" type="stmt"/>
      <line num="126" count="18" type="stmt"/>
      <line num="127" count="18" type="cond" truecount="1" falsecount="1"/>
      <line num="128" count="0" type="stmt"/>
      <line num="132" count="18" type="stmt"/>
      <line num="133" count="18" type="cond" truecount="2" falsecount="0"/>
      <line num="135" count="18" type="stmt"/>
      <line num="136" count="18" type="cond" truecount="1" falsecount="1"/>
      <line num="137" count="0" type="stmt"/>
      <line num="138" count="0" type="stmt"/>
      <line num="147" count="161" type="stmt"/>
      <line num="148" count="40" type="stmt"/>
      <line num="149" count="40" type="stmt"/>
      <line num="152" count="161" type="stmt"/>
      <line num="154" count="20" type="stmt"/>
      <line num="157" count="20" type="stmt"/>
      <line num="158" count="20" type="stmt"/>
      <line num="161" count="161" type="stmt"/>
      <line num="162" count="18" type="stmt"/>
      <line num="163" count="18" type="stmt"/>
      <line num="164" count="18" type="cond" truecount="2" falsecount="0"/>
      <line num="165" count="3" type="stmt"/>
      <line num="170" count="161" type="stmt"/>
      <line num="171" count="161" type="stmt"/>
      <line num="172" count="161" type="stmt"/>
      <line num="174" count="161" type="stmt"/>
      <line num="175" count="40" type="cond" truecount="4" falsecount="0"/>
      <line num="176" count="3" type="stmt"/>
      <line num="177" count="3" type="stmt"/>
      <line num="178" count="0" type="stmt"/>
      <line num="181" count="37" type="stmt"/>
      <line num="185" count="161" type="stmt"/>
      <line num="186" count="12" type="cond" truecount="2" falsecount="0"/>
      <line num="188" count="11" type="stmt"/>
      <line num="199" count="11" type="stmt"/>
      <line num="200" count="11" type="stmt"/>
      <line num="203" count="161" type="stmt"/>
      <line num="204" count="2" type="cond" truecount="1" falsecount="1"/>
      <line num="205" count="0" type="stmt"/>
      <line num="206" count="0" type="stmt"/>
      <line num="208" count="2" type="stmt"/>
      <line num="211" count="161" type="stmt"/>
      <line num="212" count="5" type="stmt"/>
      <line num="213" count="5" type="cond" truecount="4" falsecount="0"/>
      <line num="214" count="4" type="stmt"/>
      <line num="216" count="5" type="stmt"/>
      <line num="217" count="6" type="cond" truecount="2" falsecount="0"/>
      <line num="221" count="161" type="stmt"/>
      <line num="222" count="2" type="stmt"/>
      <line num="223" count="2" type="cond" truecount="1" falsecount="1"/>
      <line num="224" count="2" type="stmt"/>
      <line num="225" count="2" type="stmt"/>
      <line num="227" count="0" type="stmt"/>
      <line num="231" count="161" type="stmt"/>
      <line num="232" count="1" type="cond" truecount="1" falsecount="1"/>
      <line num="235" count="1" type="stmt"/>
      <line num="236" count="0" type="cond" truecount="0" falsecount="2"/>
      <line num="237" count="0" type="stmt"/>
      <line num="238" count="0" type="stmt"/>
      <line num="242" count="1" type="stmt"/>
      <line num="243" count="1" type="stmt"/>
      <line num="244" count="1" type="cond" truecount="1" falsecount="1"/>
      <line num="246" count="1" type="stmt"/>
      <line num="251" count="1" type="stmt"/>
      <line num="257" count="1" type="stmt"/>
      <line num="258" count="1" type="stmt"/>
      <line num="259" count="1" type="cond" truecount="1" falsecount="1"/>
      <line num="261" count="1" type="stmt"/>
      <line num="263" count="1" type="cond" truecount="1" falsecount="1"/>
      <line num="265" count="0" type="stmt"/>
      <line num="268" count="0" type="cond" truecount="0" falsecount="2"/>
      <line num="269" count="0" type="stmt"/>
      <line num="270" count="0" type="stmt"/>
      <line num="273" count="0" type="cond" truecount="0" falsecount="2"/>
      <line num="274" count="0" type="stmt"/>
      <line num="282" count="0" type="stmt"/>
      <line num="291" count="1" type="stmt"/>
      <line num="296" count="161" type="stmt"/>
      <line num="297" count="4" type="cond" truecount="1" falsecount="1"/>
      <line num="298" count="0" type="stmt"/>
      <line num="299" count="0" type="stmt"/>
      <line num="301" count="4" type="stmt"/>
      <line num="302" count="5" type="cond" truecount="2" falsecount="0"/>
      <line num="306" count="161" type="stmt"/>
      <line num="307" count="0" type="cond" truecount="0" falsecount="2"/>
      <line num="308" count="0" type="stmt"/>
      <line num="309" count="0" type="stmt"/>
      <line num="311" count="0" type="stmt"/>
      <line num="312" count="0" type="cond" truecount="0" falsecount="2"/>
      <line num="321" count="161" type="stmt"/>
      <line num="322" count="73" type="cond" truecount="2" falsecount="0"/>
      <line num="323" count="1" type="stmt"/>
      <line num="327" count="161" type="stmt"/>
      <line num="328" count="0" type="stmt"/>
      <line num="330" count="0" type="cond" truecount="0" falsecount="2"/>
      <line num="331" count="0" type="stmt"/>
      <line num="332" count="0" type="stmt"/>
      <line num="334" count="0" type="stmt"/>
      <line num="335" count="0" type="stmt"/>
      <line num="337" count="0" type="stmt"/>
      <line num="338" count="0" type="stmt"/>
      <line num="340" count="0" type="stmt"/>
      <line num="341" count="0" type="stmt"/>
      <line num="343" count="0" type="stmt"/>
      <line num="344" count="0" type="stmt"/>
      <line num="346" count="0" type="stmt"/>
      <line num="350" count="161" type="stmt"/>
      <line num="351" count="0" type="stmt"/>
      <line num="352" count="0" type="cond" truecount="0" falsecount="2"/>
      <line num="354" count="0" type="stmt"/>
      <line num="355" count="0" type="stmt"/>
      <line num="356" count="0" type="stmt"/>
      <line num="357" count="0" type="stmt"/>
      <line num="359" count="0" type="cond" truecount="0" falsecount="2"/>
      <line num="361" count="0" type="stmt"/>
      <line num="362" count="0" type="cond" truecount="0" falsecount="2"/>
      <line num="363" count="0" type="stmt"/>
      <line num="365" count="0" type="stmt"/>
      <line num="368" count="0" type="cond" truecount="0" falsecount="2"/>
      <line num="369" count="0" type="stmt"/>
      <line num="371" count="0" type="stmt"/>
      <line num="375" count="0" type="stmt"/>
      <line num="376" count="0" type="stmt"/>
      <line num="379" count="161" type="stmt"/>
      <line num="380" count="4" type="stmt"/>
      <line num="381" count="4" type="stmt"/>
      <line num="382" count="4" type="stmt"/>
      <line num="383" count="200" type="stmt"/>
      <line num="396" count="4" type="stmt"/>
      <line num="399" count="161" type="cond" truecount="2" falsecount="0"/>
      <line num="400" count="3" type="stmt"/>
      <line num="401" count="3" type="stmt"/>
      <line num="405" count="2" type="stmt"/>
      <line num="438" count="33" type="stmt"/>
      <line num="454" count="158" type="stmt"/>
      <line num="470" count="2" type="cond" truecount="2" falsecount="0"/>
      <line num="474" count="3" type="stmt"/>
      <line num="505" count="0" type="stmt"/>
      <line num="517" count="72" type="stmt"/>
      <line num="528" count="48" type="stmt"/>
      <line num="533" count="48" type="cond" truecount="4" falsecount="0"/>
      <line num="539" count="5" type="stmt"/>
      <line num="546" count="2" type="stmt"/>
      <line num="556" count="1" type="stmt"/>
      <line num="566" count="1" type="stmt"/>
      <line num="584" count="1" type="stmt"/>
      <line num="592" count="0" type="stmt"/>
      <line num="600" count="0" type="stmt"/>
    </file>
    <file name="utils.js" path="/workspace/pomotodo/src/utils.js">
      <metrics statements="32" coveredstatements="32" conditionals="15" coveredconditionals="15" methods="4" coveredmethods="4"/>
      <line num="6" count="2" type="stmt"/>
      <line num="7" count="55" type="stmt"/>
      <line num="8" count="55" type="stmt"/>
      <line num="9" count="55" type="stmt"/>
      <line num="17" count="2" type="stmt"/>
      <line num="18" count="8" type="stmt"/>
      <line num="19" count="8" type="stmt"/>
      <line num="20" count="8" type="stmt"/>
      <line num="22" count="8" type="stmt"/>
      <line num="24" count="8" type="stmt"/>
      <line num="25" count="9" type="stmt"/>
      <line num="26" count="9" type="stmt"/>
      <line num="27" count="9" type="stmt"/>
      <line num="28" count="9" type="stmt"/>
      <line num="29" count="9" type="stmt"/>
      <line num="31" count="9" type="stmt"/>
      <line num="32" count="58" type="cond" truecount="2" falsecount="0"/>
      <line num="33" count="9" type="stmt"/>
      <line num="34" count="49" type="cond" truecount="2" falsecount="0"/>
      <line num="35" count="9" type="stmt"/>
      <line num="36" count="40" type="cond" truecount="2" falsecount="0"/>
      <line num="37" count="9" type="stmt"/>
      <line num="38" count="31" type="cond" truecount="2" falsecount="0"/>
      <line num="39" count="4" type="stmt"/>
      <line num="44" count="9" type="cond" truecount="5" falsecount="0"/>
      <line num="46" count="7" type="stmt"/>
      <line num="47" count="7" type="stmt"/>
      <line num="48" count="7" type="cond" truecount="2" falsecount="0"/>
      <line num="49" count="3" type="stmt"/>
      <line num="50" count="3" type="stmt"/>
      <line num="53" count="7" type="stmt"/>
      <line num="66" count="8" type="stmt"/>
    </file>
  </project>
</coverage>
