{"/workspace/pomotodo/src/App.jsx": {"path":"/workspace/pomotodo/src/App.jsx","statementMap":{"0":{"start":{"line":5,"column":18},"end":{"line":5,"column":25}},"1":{"start":{"line":6,"column":19},"end":{"line":6,"column":25}},"2":{"start":{"line":9,"column":21},"end":{"line":110,"column":1}},"3":{"start":{"line":14,"column":25},"end":{"line":14,"column":126}},"4":{"start":{"line":18,"column":27},"end":{"line":18,"column":39}},"5":{"start":{"line":19,"column":31},"end":{"line":19,"column":44}},"6":{"start":{"line":20,"column":35},"end":{"line":20,"column":52}},"7":{"start":{"line":64,"column":25},"end":{"line":64,"column":126}},"8":{"start":{"line":68,"column":27},"end":{"line":68,"column":44}},"9":{"start":{"line":69,"column":31},"end":{"line":69,"column":52}},"10":{"start":{"line":70,"column":35},"end":{"line":70,"column":59}},"11":{"start":{"line":113,"column":28},"end":{"line":113,"column":40}},"12":{"start":{"line":114,"column":38},"end":{"line":114,"column":50}},"13":{"start":{"line":115,"column":48},"end":{"line":115,"column":63}},"14":{"start":{"line":116,"column":36},"end":{"line":116,"column":48}},"15":{"start":{"line":117,"column":36},"end":{"line":117,"column":51}},"16":{"start":{"line":118,"column":34},"end":{"line":118,"column":48}},"17":{"start":{"line":119,"column":20},"end":{"line":119,"column":30}},"18":{"start":{"line":120,"column":32},"end":{"line":120,"column":44}},"19":{"start":{"line":121,"column":23},"end":{"line":121,"column":35}},"20":{"start":{"line":122,"column":19},"end":{"line":122,"column":31}},"21":{"start":{"line":124,"column":2},"end":{"line":145,"column":8}},"22":{"start":{"line":126,"column":27},"end":{"line":126,"column":59}},"23":{"start":{"line":127,"column":4},"end":{"line":129,"column":5}},"24":{"start":{"line":128,"column":6},"end":{"line":128,"column":33}},"25":{"start":{"line":132,"column":18},"end":{"line":132,"column":28}},"26":{"start":{"line":133,"column":4},"end":{"line":133,"column":75}},"27":{"start":{"line":135,"column":24},"end":{"line":135,"column":53}},"28":{"start":{"line":136,"column":4},"end":{"line":144,"column":5}},"29":{"start":{"line":137,"column":26},"end":{"line":137,"column":49}},"30":{"start":{"line":138,"column":6},"end":{"line":143,"column":10}},"31":{"start":{"line":138,"column":40},"end":{"line":143,"column":7}},"32":{"start":{"line":147,"column":2},"end":{"line":150,"column":13}},"33":{"start":{"line":148,"column":24},"end":{"line":148,"column":67}},"34":{"start":{"line":148,"column":62},"end":{"line":148,"column":66}},"35":{"start":{"line":149,"column":4},"end":{"line":149,"column":62}},"36":{"start":{"line":152,"column":2},"end":{"line":159,"column":16}},"37":{"start":{"line":154,"column":4},"end":{"line":154,"column":46}},"38":{"start":{"line":157,"column":18},"end":{"line":157,"column":28}},"39":{"start":{"line":158,"column":4},"end":{"line":158,"column":57}},"40":{"start":{"line":161,"column":2},"end":{"line":168,"column":8}},"41":{"start":{"line":162,"column":4},"end":{"line":167,"column":5}},"42":{"start":{"line":163,"column":6},"end":{"line":163,"column":77}},"43":{"start":{"line":163,"column":56},"end":{"line":163,"column":76}},"44":{"start":{"line":164,"column":6},"end":{"line":166,"column":7}},"45":{"start":{"line":165,"column":8},"end":{"line":165,"column":51}},"46":{"start":{"line":170,"column":25},"end":{"line":170,"column":69}},"47":{"start":{"line":170,"column":46},"end":{"line":170,"column":61}},"48":{"start":{"line":171,"column":25},"end":{"line":171,"column":68}},"49":{"start":{"line":171,"column":46},"end":{"line":171,"column":60}},"50":{"start":{"line":172,"column":21},"end":{"line":172,"column":33}},"51":{"start":{"line":174,"column":2},"end":{"line":183,"column":41}},"52":{"start":{"line":175,"column":4},"end":{"line":182,"column":5}},"53":{"start":{"line":176,"column":6},"end":{"line":176,"column":30}},"54":{"start":{"line":177,"column":6},"end":{"line":179,"column":14}},"55":{"start":{"line":178,"column":8},"end":{"line":178,"column":33}},"56":{"start":{"line":181,"column":6},"end":{"line":181,"column":31}},"57":{"start":{"line":185,"column":18},"end":{"line":201,"column":3}},"58":{"start":{"line":186,"column":4},"end":{"line":186,"column":40}},"59":{"start":{"line":186,"column":34},"end":{"line":186,"column":40}},"60":{"start":{"line":188,"column":20},"end":{"line":197,"column":5}},"61":{"start":{"line":199,"column":4},"end":{"line":199,"column":33}},"62":{"start":{"line":200,"column":4},"end":{"line":200,"column":21}},"63":{"start":{"line":203,"column":21},"end":{"line":209,"column":3}},"64":{"start":{"line":204,"column":4},"end":{"line":207,"column":5}},"65":{"start":{"line":205,"column":6},"end":{"line":205,"column":42}},"66":{"start":{"line":206,"column":6},"end":{"line":206,"column":34}},"67":{"start":{"line":208,"column":4},"end":{"line":208,"column":50}},"68":{"start":{"line":208,"column":34},"end":{"line":208,"column":48}},"69":{"start":{"line":211,"column":21},"end":{"line":219,"column":3}},"70":{"start":{"line":212,"column":17},"end":{"line":212,"column":45}},"71":{"start":{"line":212,"column":33},"end":{"line":212,"column":44}},"72":{"start":{"line":213,"column":4},"end":{"line":215,"column":5}},"73":{"start":{"line":214,"column":6},"end":{"line":214,"column":20}},"74":{"start":{"line":216,"column":4},"end":{"line":218,"column":6}},"75":{"start":{"line":217,"column":6},"end":{"line":217,"column":69}},"76":{"start":{"line":221,"column":35},"end":{"line":229,"column":3}},"77":{"start":{"line":222,"column":4},"end":{"line":228,"column":7}},"78":{"start":{"line":223,"column":6},"end":{"line":226,"column":7}},"79":{"start":{"line":224,"column":25},"end":{"line":224,"column":69}},"80":{"start":{"line":225,"column":8},"end":{"line":225,"column":56}},"81":{"start":{"line":227,"column":6},"end":{"line":227,"column":17}},"82":{"start":{"line":231,"column":21},"end":{"line":294,"column":3}},"83":{"start":{"line":232,"column":4},"end":{"line":232,"column":37}},"84":{"start":{"line":232,"column":31},"end":{"line":232,"column":37}},"85":{"start":{"line":235,"column":4},"end":{"line":240,"column":6}},"86":{"start":{"line":236,"column":6},"end":{"line":239,"column":7}},"87":{"start":{"line":237,"column":8},"end":{"line":237,"column":31}},"88":{"start":{"line":238,"column":8},"end":{"line":238,"column":41}},"89":{"start":{"line":242,"column":4},"end":{"line":255,"column":6}},"90":{"start":{"line":243,"column":25},"end":{"line":243,"column":63}},"91":{"start":{"line":243,"column":48},"end":{"line":243,"column":62}},"92":{"start":{"line":244,"column":6},"end":{"line":244,"column":39}},"93":{"start":{"line":244,"column":23},"end":{"line":244,"column":39}},"94":{"start":{"line":246,"column":25},"end":{"line":249,"column":9}},"95":{"start":{"line":246,"column":50},"end":{"line":246,"column":64}},"96":{"start":{"line":246,"column":79},"end":{"line":249,"column":7}},"97":{"start":{"line":251,"column":6},"end":{"line":254,"column":7}},"98":{"start":{"line":257,"column":4},"end":{"line":293,"column":12}},"99":{"start":{"line":258,"column":6},"end":{"line":292,"column":9}},"100":{"start":{"line":258,"column":28},"end":{"line":292,"column":8}},"101":{"start":{"line":259,"column":8},"end":{"line":259,"column":39}},"102":{"start":{"line":259,"column":28},"end":{"line":259,"column":39}},"103":{"start":{"line":261,"column":33},"end":{"line":261,"column":55}},"104":{"start":{"line":263,"column":8},"end":{"line":289,"column":9}},"105":{"start":{"line":265,"column":10},"end":{"line":265,"column":33}},"106":{"start":{"line":268,"column":10},"end":{"line":271,"column":11}},"107":{"start":{"line":269,"column":12},"end":{"line":269,"column":48}},"108":{"start":{"line":270,"column":12},"end":{"line":270,"column":40}},"109":{"start":{"line":273,"column":10},"end":{"line":288,"column":11}},"110":{"start":{"line":274,"column":12},"end":{"line":280,"column":13}},"111":{"start":{"line":282,"column":12},"end":{"line":287,"column":13}},"112":{"start":{"line":291,"column":8},"end":{"line":291,"column":59}},"113":{"start":{"line":296,"column":21},"end":{"line":304,"column":3}},"114":{"start":{"line":297,"column":4},"end":{"line":300,"column":5}},"115":{"start":{"line":298,"column":6},"end":{"line":298,"column":42}},"116":{"start":{"line":299,"column":6},"end":{"line":299,"column":34}},"117":{"start":{"line":301,"column":4},"end":{"line":303,"column":6}},"118":{"start":{"line":302,"column":6},"end":{"line":302,"column":59}},"119":{"start":{"line":306,"column":21},"end":{"line":319,"column":3}},"120":{"start":{"line":307,"column":4},"end":{"line":310,"column":5}},"121":{"start":{"line":308,"column":6},"end":{"line":308,"column":42}},"122":{"start":{"line":309,"column":6},"end":{"line":309,"column":34}},"123":{"start":{"line":311,"column":4},"end":{"line":318,"column":6}},"124":{"start":{"line":312,"column":6},"end":{"line":317,"column":14}},"125":{"start":{"line":321,"column":25},"end":{"line":325,"column":3}},"126":{"start":{"line":322,"column":4},"end":{"line":324,"column":5}},"127":{"start":{"line":323,"column":6},"end":{"line":323,"column":15}},"128":{"start":{"line":327,"column":32},"end":{"line":348,"column":3}},"129":{"start":{"line":328,"column":4},"end":{"line":347,"column":5}},"130":{"start":{"line":330,"column":27},"end":{"line":330,"column":83}},"131":{"start":{"line":331,"column":25},"end":{"line":331,"column":56}},"132":{"start":{"line":332,"column":23},"end":{"line":332,"column":48}},"133":{"start":{"line":334,"column":6},"end":{"line":334,"column":34}},"134":{"start":{"line":335,"column":6},"end":{"line":335,"column":48}},"135":{"start":{"line":337,"column":6},"end":{"line":337,"column":38}},"136":{"start":{"line":338,"column":6},"end":{"line":338,"column":30}},"137":{"start":{"line":340,"column":6},"end":{"line":340,"column":65}},"138":{"start":{"line":341,"column":6},"end":{"line":341,"column":84}},"139":{"start":{"line":343,"column":6},"end":{"line":343,"column":48}},"140":{"start":{"line":344,"column":6},"end":{"line":344,"column":51}},"141":{"start":{"line":346,"column":6},"end":{"line":346,"column":44}},"142":{"start":{"line":350,"column":27},"end":{"line":377,"column":3}},"143":{"start":{"line":351,"column":17},"end":{"line":351,"column":38}},"144":{"start":{"line":352,"column":4},"end":{"line":352,"column":21}},"145":{"start":{"line":352,"column":15},"end":{"line":352,"column":21}},"146":{"start":{"line":354,"column":19},"end":{"line":354,"column":35}},"147":{"start":{"line":355,"column":4},"end":{"line":374,"column":5}},"148":{"start":{"line":356,"column":22},"end":{"line":356,"column":37}},"149":{"start":{"line":357,"column":23},"end":{"line":357,"column":44}},"150":{"start":{"line":359,"column":6},"end":{"line":373,"column":7}},"151":{"start":{"line":361,"column":8},"end":{"line":361,"column":26}},"152":{"start":{"line":362,"column":8},"end":{"line":366,"column":9}},"153":{"start":{"line":363,"column":10},"end":{"line":363,"column":55}},"154":{"start":{"line":365,"column":10},"end":{"line":365,"column":59}},"155":{"start":{"line":368,"column":8},"end":{"line":372,"column":9}},"156":{"start":{"line":369,"column":10},"end":{"line":369,"column":38}},"157":{"start":{"line":371,"column":10},"end":{"line":371,"column":43}},"158":{"start":{"line":375,"column":4},"end":{"line":375,"column":27}},"159":{"start":{"line":376,"column":4},"end":{"line":376,"column":27}},"160":{"start":{"line":379,"column":25},"end":{"line":397,"column":3}},"161":{"start":{"line":380,"column":21},"end":{"line":380,"column":23}},"162":{"start":{"line":381,"column":19},"end":{"line":381,"column":85}},"163":{"start":{"line":382,"column":4},"end":{"line":395,"column":5}},"164":{"start":{"line":382,"column":17},"end":{"line":382,"column":18}},"165":{"start":{"line":383,"column":6},"end":{"line":394,"column":7}},"166":{"start":{"line":396,"column":4},"end":{"line":396,"column":19}},"167":{"start":{"line":399,"column":2},"end":{"line":452,"column":3}},"168":{"start":{"line":400,"column":14},"end":{"line":400,"column":36}},"169":{"start":{"line":401,"column":4},"end":{"line":451,"column":5}},"170":{"start":{"line":405,"column":59},"end":{"line":405,"column":78}},"171":{"start":{"line":438,"column":20},"end":{"line":438,"column":50}},"172":{"start":{"line":454,"column":2},"end":{"line":629,"column":3}},"173":{"start":{"line":470,"column":25},"end":{"line":470,"column":69}},"174":{"start":{"line":474,"column":53},"end":{"line":474,"column":71}},"175":{"start":{"line":505,"column":27},"end":{"line":505,"column":56}},"176":{"start":{"line":517,"column":29},"end":{"line":517,"column":58}},"177":{"start":{"line":528,"column":87},"end":{"line":528,"column":116}},"178":{"start":{"line":533,"column":12},"end":{"line":617,"column":17}},"179":{"start":{"line":539,"column":36},"end":{"line":539,"column":55}},"180":{"start":{"line":546,"column":65},"end":{"line":546,"column":84}},"181":{"start":{"line":556,"column":35},"end":{"line":556,"column":72}},"182":{"start":{"line":566,"column":35},"end":{"line":566,"column":71}},"183":{"start":{"line":584,"column":39},"end":{"line":584,"column":58}},"184":{"start":{"line":592,"column":39},"end":{"line":592,"column":58}},"185":{"start":{"line":600,"column":37},"end":{"line":600,"column":56}}},"fnMap":{"0":{"name":"(anonymous_0)","decl":{"start":{"line":14,"column":15},"end":{"line":14,"column":16}},"loc":{"start":{"line":14,"column":25},"end":{"line":14,"column":126}},"line":14},"1":{"name":"(anonymous_1)","decl":{"start":{"line":18,"column":16},"end":{"line":18,"column":17}},"loc":{"start":{"line":18,"column":27},"end":{"line":18,"column":39}},"line":18},"2":{"name":"(anonymous_2)","decl":{"start":{"line":19,"column":20},"end":{"line":19,"column":21}},"loc":{"start":{"line":19,"column":31},"end":{"line":19,"column":44}},"line":19},"3":{"name":"(anonymous_3)","decl":{"start":{"line":20,"column":24},"end":{"line":20,"column":25}},"loc":{"start":{"line":20,"column":35},"end":{"line":20,"column":52}},"line":20},"4":{"name":"(anonymous_4)","decl":{"start":{"line":64,"column":15},"end":{"line":64,"column":16}},"loc":{"start":{"line":64,"column":25},"end":{"line":64,"column":126}},"line":64},"5":{"name":"(anonymous_5)","decl":{"start":{"line":68,"column":16},"end":{"line":68,"column":17}},"loc":{"start":{"line":68,"column":27},"end":{"line":68,"column":44}},"line":68},"6":{"name":"(anonymous_6)","decl":{"start":{"line":69,"column":20},"end":{"line":69,"column":21}},"loc":{"start":{"line":69,"column":31},"end":{"line":69,"column":52}},"line":69},"7":{"name":"(anonymous_7)","decl":{"start":{"line":70,"column":24},"end":{"line":70,"column":25}},"loc":{"start":{"line":70,"column":35},"end":{"line":70,"column":59}},"line":70},"8":{"name":"App","decl":{"start":{"line":112,"column":9},"end":{"line":112,"column":12}},"loc":{"start":{"line":112,"column":15},"end":{"line":630,"column":1}},"line":112},"9":{"name":"(anonymous_9)","decl":{"start":{"line":124,"column":12},"end":{"line":124,"column":13}},"loc":{"start":{"line":124,"column":18},"end":{"line":145,"column":3}},"line":124},"10":{"name":"(anonymous_10)","decl":{"start":{"line":138,"column":31},"end":{"line":138,"column":32}},"loc":{"start":{"line":138,"column":40},"end":{"line":143,"column":7}},"line":138},"11":{"name":"(anonymous_11)","decl":{"start":{"line":147,"column":12},"end":{"line":147,"column":13}},"loc":{"start":{"line":147,"column":18},"end":{"line":150,"column":3}},"line":147},"12":{"name":"(anonymous_12)","decl":{"start":{"line":148,"column":34},"end":{"line":148,"column":35}},"loc":{"start":{"line":148,"column":62},"end":{"line":148,"column":66}},"line":148},"13":{"name":"(anonymous_13)","decl":{"start":{"line":152,"column":12},"end":{"line":152,"column":13}},"loc":{"start":{"line":152,"column":18},"end":{"line":159,"column":3}},"line":152},"14":{"name":"(anonymous_14)","decl":{"start":{"line":161,"column":12},"end":{"line":161,"column":13}},"loc":{"start":{"line":161,"column":18},"end":{"line":168,"column":3}},"line":161},"15":{"name":"(anonymous_15)","decl":{"start":{"line":162,"column":11},"end":{"line":162,"column":12}},"loc":{"start":{"line":162,"column":17},"end":{"line":167,"column":5}},"line":162},"16":{"name":"(anonymous_16)","decl":{"start":{"line":163,"column":47},"end":{"line":163,"column":48}},"loc":{"start":{"line":163,"column":56},"end":{"line":163,"column":76}},"line":163},"17":{"name":"(anonymous_17)","decl":{"start":{"line":170,"column":38},"end":{"line":170,"column":39}},"loc":{"start":{"line":170,"column":46},"end":{"line":170,"column":61}},"line":170},"18":{"name":"(anonymous_18)","decl":{"start":{"line":171,"column":38},"end":{"line":171,"column":39}},"loc":{"start":{"line":171,"column":46},"end":{"line":171,"column":60}},"line":171},"19":{"name":"(anonymous_19)","decl":{"start":{"line":174,"column":12},"end":{"line":174,"column":13}},"loc":{"start":{"line":174,"column":18},"end":{"line":183,"column":3}},"line":174},"20":{"name":"(anonymous_20)","decl":{"start":{"line":177,"column":49},"end":{"line":177,"column":50}},"loc":{"start":{"line":177,"column":55},"end":{"line":179,"column":7}},"line":177},"21":{"name":"(anonymous_21)","decl":{"start":{"line":185,"column":18},"end":{"line":185,"column":19}},"loc":{"start":{"line":185,"column":24},"end":{"line":201,"column":3}},"line":185},"22":{"name":"(anonymous_22)","decl":{"start":{"line":203,"column":21},"end":{"line":203,"column":22}},"loc":{"start":{"line":203,"column":29},"end":{"line":209,"column":3}},"line":203},"23":{"name":"(anonymous_23)","decl":{"start":{"line":208,"column":26},"end":{"line":208,"column":27}},"loc":{"start":{"line":208,"column":34},"end":{"line":208,"column":48}},"line":208},"24":{"name":"(anonymous_24)","decl":{"start":{"line":211,"column":21},"end":{"line":211,"column":22}},"loc":{"start":{"line":211,"column":29},"end":{"line":219,"column":3}},"line":211},"25":{"name":"(anonymous_25)","decl":{"start":{"line":212,"column":28},"end":{"line":212,"column":29}},"loc":{"start":{"line":212,"column":33},"end":{"line":212,"column":44}},"line":212},"26":{"name":"(anonymous_26)","decl":{"start":{"line":216,"column":23},"end":{"line":216,"column":24}},"loc":{"start":{"line":217,"column":6},"end":{"line":217,"column":69}},"line":217},"27":{"name":"(anonymous_27)","decl":{"start":{"line":221,"column":35},"end":{"line":221,"column":36}},"loc":{"start":{"line":221,"column":50},"end":{"line":229,"column":3}},"line":221},"28":{"name":"(anonymous_28)","decl":{"start":{"line":222,"column":23},"end":{"line":222,"column":24}},"loc":{"start":{"line":222,"column":31},"end":{"line":228,"column":5}},"line":222},"29":{"name":"(anonymous_29)","decl":{"start":{"line":231,"column":21},"end":{"line":231,"column":22}},"loc":{"start":{"line":231,"column":29},"end":{"line":294,"column":3}},"line":231},"30":{"name":"(anonymous_30)","decl":{"start":{"line":235,"column":46},"end":{"line":235,"column":47}},"loc":{"start":{"line":235,"column":71},"end":{"line":240,"column":5}},"line":235},"31":{"name":"(anonymous_31)","decl":{"start":{"line":242,"column":13},"end":{"line":242,"column":14}},"loc":{"start":{"line":242,"column":26},"end":{"line":255,"column":5}},"line":242},"32":{"name":"(anonymous_32)","decl":{"start":{"line":243,"column":40},"end":{"line":243,"column":41}},"loc":{"start":{"line":243,"column":48},"end":{"line":243,"column":62}},"line":243},"33":{"name":"(anonymous_33)","decl":{"start":{"line":246,"column":42},"end":{"line":246,"column":43}},"loc":{"start":{"line":246,"column":50},"end":{"line":246,"column":64}},"line":246},"34":{"name":"(anonymous_34)","decl":{"start":{"line":246,"column":70},"end":{"line":246,"column":71}},"loc":{"start":{"line":246,"column":79},"end":{"line":249,"column":7}},"line":246},"35":{"name":"(anonymous_35)","decl":{"start":{"line":257,"column":40},"end":{"line":257,"column":41}},"loc":{"start":{"line":257,"column":46},"end":{"line":293,"column":5}},"line":257},"36":{"name":"(anonymous_36)","decl":{"start":{"line":258,"column":15},"end":{"line":258,"column":16}},"loc":{"start":{"line":258,"column":28},"end":{"line":292,"column":8}},"line":258},"37":{"name":"(anonymous_37)","decl":{"start":{"line":258,"column":42},"end":{"line":258,"column":43}},"loc":{"start":{"line":258,"column":50},"end":{"line":292,"column":7}},"line":258},"38":{"name":"(anonymous_38)","decl":{"start":{"line":296,"column":21},"end":{"line":296,"column":22}},"loc":{"start":{"line":296,"column":29},"end":{"line":304,"column":3}},"line":296},"39":{"name":"(anonymous_39)","decl":{"start":{"line":301,"column":23},"end":{"line":301,"column":24}},"loc":{"start":{"line":302,"column":6},"end":{"line":302,"column":59}},"line":302},"40":{"name":"(anonymous_40)","decl":{"start":{"line":306,"column":21},"end":{"line":306,"column":22}},"loc":{"start":{"line":306,"column":29},"end":{"line":319,"column":3}},"line":306},"41":{"name":"(anonymous_41)","decl":{"start":{"line":311,"column":23},"end":{"line":311,"column":24}},"loc":{"start":{"line":312,"column":6},"end":{"line":317,"column":14}},"line":312},"42":{"name":"(anonymous_42)","decl":{"start":{"line":321,"column":25},"end":{"line":321,"column":26}},"loc":{"start":{"line":321,"column":32},"end":{"line":325,"column":3}},"line":321},"43":{"name":"(anonymous_43)","decl":{"start":{"line":327,"column":32},"end":{"line":327,"column":33}},"loc":{"start":{"line":327,"column":38},"end":{"line":348,"column":3}},"line":327},"44":{"name":"(anonymous_44)","decl":{"start":{"line":350,"column":27},"end":{"line":350,"column":28}},"loc":{"start":{"line":350,"column":38},"end":{"line":377,"column":3}},"line":350},"45":{"name":"(anonymous_45)","decl":{"start":{"line":355,"column":20},"end":{"line":355,"column":21}},"loc":{"start":{"line":355,"column":27},"end":{"line":374,"column":5}},"line":355},"46":{"name":"(anonymous_46)","decl":{"start":{"line":379,"column":25},"end":{"line":379,"column":26}},"loc":{"start":{"line":379,"column":31},"end":{"line":397,"column":3}},"line":379},"47":{"name":"(anonymous_47)","decl":{"start":{"line":405,"column":53},"end":{"line":405,"column":54}},"loc":{"start":{"line":405,"column":59},"end":{"line":405,"column":78}},"line":405},"48":{"name":"(anonymous_48)","decl":{"start":{"line":437,"column":38},"end":{"line":437,"column":39}},"loc":{"start":{"line":438,"column":20},"end":{"line":438,"column":50}},"line":438},"49":{"name":"(anonymous_49)","decl":{"start":{"line":470,"column":19},"end":{"line":470,"column":20}},"loc":{"start":{"line":470,"column":25},"end":{"line":470,"column":69}},"line":470},"50":{"name":"(anonymous_50)","decl":{"start":{"line":474,"column":47},"end":{"line":474,"column":48}},"loc":{"start":{"line":474,"column":53},"end":{"line":474,"column":71}},"line":474},"51":{"name":"(anonymous_51)","decl":{"start":{"line":505,"column":21},"end":{"line":505,"column":22}},"loc":{"start":{"line":505,"column":27},"end":{"line":505,"column":56}},"line":505},"52":{"name":"(anonymous_52)","decl":{"start":{"line":517,"column":22},"end":{"line":517,"column":23}},"loc":{"start":{"line":517,"column":29},"end":{"line":517,"column":58}},"line":517},"53":{"name":"(anonymous_53)","decl":{"start":{"line":528,"column":72},"end":{"line":528,"column":73}},"loc":{"start":{"line":528,"column":87},"end":{"line":528,"column":116}},"line":528},"54":{"name":"(anonymous_54)","decl":{"start":{"line":532,"column":21},"end":{"line":532,"column":22}},"loc":{"start":{"line":533,"column":12},"end":{"line":617,"column":17}},"line":533},"55":{"name":"(anonymous_55)","decl":{"start":{"line":539,"column":30},"end":{"line":539,"column":31}},"loc":{"start":{"line":539,"column":36},"end":{"line":539,"column":55}},"line":539},"56":{"name":"(anonymous_56)","decl":{"start":{"line":546,"column":59},"end":{"line":546,"column":60}},"loc":{"start":{"line":546,"column":65},"end":{"line":546,"column":84}},"line":546},"57":{"name":"(anonymous_57)","decl":{"start":{"line":556,"column":29},"end":{"line":556,"column":30}},"loc":{"start":{"line":556,"column":35},"end":{"line":556,"column":72}},"line":556},"58":{"name":"(anonymous_58)","decl":{"start":{"line":566,"column":29},"end":{"line":566,"column":30}},"loc":{"start":{"line":566,"column":35},"end":{"line":566,"column":71}},"line":566},"59":{"name":"(anonymous_59)","decl":{"start":{"line":584,"column":33},"end":{"line":584,"column":34}},"loc":{"start":{"line":584,"column":39},"end":{"line":584,"column":58}},"line":584},"60":{"name":"(anonymous_60)","decl":{"start":{"line":592,"column":33},"end":{"line":592,"column":34}},"loc":{"start":{"line":592,"column":39},"end":{"line":592,"column":58}},"line":592},"61":{"name":"(anonymous_61)","decl":{"start":{"line":600,"column":31},"end":{"line":600,"column":32}},"loc":{"start":{"line":600,"column":37},"end":{"line":600,"column":56}},"line":600}},"branchMap":{"0":{"loc":{"start":{"line":127,"column":4},"end":{"line":129,"column":5}},"type":"if","locations":[{"start":{"line":127,"column":4},"end":{"line":129,"column":5}},{"start":{},"end":{}}],"line":127},"1":{"loc":{"start":{"line":133,"column":30},"end":{"line":133,"column":56}},"type":"binary-expr","locations":[{"start":{"line":133,"column":30},"end":{"line":133,"column":44}},{"start":{"line":133,"column":48},"end":{"line":133,"column":56}}],"line":133},"2":{"loc":{"start":{"line":136,"column":4},"end":{"line":144,"column":5}},"type":"if","locations":[{"start":{"line":136,"column":4},"end":{"line":144,"column":5}},{"start":{},"end":{}}],"line":136},"3":{"loc":{"start":{"line":141,"column":23},"end":{"line":141,"column":54}},"type":"binary-expr","locations":[{"start":{"line":141,"column":23},"end":{"line":141,"column":41}},{"start":{"line":141,"column":45},"end":{"line":141,"column":54}}],"line":141},"4":{"loc":{"start":{"line":142,"column":22},"end":{"line":142,"column":49}},"type":"binary-expr","locations":[{"start":{"line":142,"column":22},"end":{"line":142,"column":39}},{"start":{"line":142,"column":43},"end":{"line":142,"column":49}}],"line":142},"5":{"loc":{"start":{"line":164,"column":6},"end":{"line":166,"column":7}},"type":"if","locations":[{"start":{"line":164,"column":6},"end":{"line":166,"column":7}},{"start":{},"end":{}}],"line":164},"6":{"loc":{"start":{"line":175,"column":4},"end":{"line":182,"column":5}},"type":"if","locations":[{"start":{"line":175,"column":4},"end":{"line":182,"column":5}},{"start":{"line":180,"column":11},"end":{"line":182,"column":5}}],"line":175},"7":{"loc":{"start":{"line":175,"column":8},"end":{"line":175,"column":57}},"type":"binary-expr","locations":[{"start":{"line":175,"column":8},"end":{"line":175,"column":24}},{"start":{"line":175,"column":28},"end":{"line":175,"column":57}}],"line":175},"8":{"loc":{"start":{"line":186,"column":4},"end":{"line":186,"column":40}},"type":"if","locations":[{"start":{"line":186,"column":4},"end":{"line":186,"column":40}},{"start":{},"end":{}}],"line":186},"9":{"loc":{"start":{"line":204,"column":4},"end":{"line":207,"column":5}},"type":"if","locations":[{"start":{"line":204,"column":4},"end":{"line":207,"column":5}},{"start":{},"end":{}}],"line":204},"10":{"loc":{"start":{"line":213,"column":4},"end":{"line":215,"column":5}},"type":"if","locations":[{"start":{"line":213,"column":4},"end":{"line":215,"column":5}},{"start":{},"end":{}}],"line":213},"11":{"loc":{"start":{"line":213,"column":8},"end":{"line":213,"column":31}},"type":"binary-expr","locations":[{"start":{"line":213,"column":8},"end":{"line":213,"column":12}},{"start":{"line":213,"column":16},"end":{"line":213,"column":31}}],"line":213},"12":{"loc":{"start":{"line":217,"column":6},"end":{"line":217,"column":69}},"type":"cond-expr","locations":[{"start":{"line":217,"column":23},"end":{"line":217,"column":62}},{"start":{"line":217,"column":65},"end":{"line":217,"column":69}}],"line":217},"13":{"loc":{"start":{"line":223,"column":6},"end":{"line":226,"column":7}},"type":"if","locations":[{"start":{"line":223,"column":6},"end":{"line":226,"column":7}},{"start":{},"end":{}}],"line":223},"14":{"loc":{"start":{"line":232,"column":4},"end":{"line":232,"column":37}},"type":"if","locations":[{"start":{"line":232,"column":4},"end":{"line":232,"column":37}},{"start":{},"end":{}}],"line":232},"15":{"loc":{"start":{"line":236,"column":6},"end":{"line":239,"column":7}},"type":"if","locations":[{"start":{"line":236,"column":6},"end":{"line":239,"column":7}},{"start":{},"end":{}}],"line":236},"16":{"loc":{"start":{"line":244,"column":6},"end":{"line":244,"column":39}},"type":"if","locations":[{"start":{"line":244,"column":6},"end":{"line":244,"column":39}},{"start":{},"end":{}}],"line":244},"17":{"loc":{"start":{"line":259,"column":8},"end":{"line":259,"column":39}},"type":"if","locations":[{"start":{"line":259,"column":8},"end":{"line":259,"column":39}},{"start":{},"end":{}}],"line":259},"18":{"loc":{"start":{"line":263,"column":8},"end":{"line":289,"column":9}},"type":"if","locations":[{"start":{"line":263,"column":8},"end":{"line":289,"column":9}},{"start":{},"end":{}}],"line":263},"19":{"loc":{"start":{"line":268,"column":10},"end":{"line":271,"column":11}},"type":"if","locations":[{"start":{"line":268,"column":10},"end":{"line":271,"column":11}},{"start":{},"end":{}}],"line":268},"20":{"loc":{"start":{"line":273,"column":10},"end":{"line":288,"column":11}},"type":"if","locations":[{"start":{"line":273,"column":10},"end":{"line":288,"column":11}},{"start":{"line":281,"column":17},"end":{"line":288,"column":11}}],"line":273},"21":{"loc":{"start":{"line":297,"column":4},"end":{"line":300,"column":5}},"type":"if","locations":[{"start":{"line":297,"column":4},"end":{"line":300,"column":5}},{"start":{},"end":{}}],"line":297},"22":{"loc":{"start":{"line":302,"column":6},"end":{"line":302,"column":59}},"type":"cond-expr","locations":[{"start":{"line":302,"column":23},"end":{"line":302,"column":52}},{"start":{"line":302,"column":55},"end":{"line":302,"column":59}}],"line":302},"23":{"loc":{"start":{"line":307,"column":4},"end":{"line":310,"column":5}},"type":"if","locations":[{"start":{"line":307,"column":4},"end":{"line":310,"column":5}},{"start":{},"end":{}}],"line":307},"24":{"loc":{"start":{"line":312,"column":6},"end":{"line":317,"column":14}},"type":"cond-expr","locations":[{"start":{"line":312,"column":23},"end":{"line":317,"column":7}},{"start":{"line":317,"column":10},"end":{"line":317,"column":14}}],"line":312},"25":{"loc":{"start":{"line":322,"column":4},"end":{"line":324,"column":5}},"type":"if","locations":[{"start":{"line":322,"column":4},"end":{"line":324,"column":5}},{"start":{},"end":{}}],"line":322},"26":{"loc":{"start":{"line":330,"column":32},"end":{"line":330,"column":80}},"type":"binary-expr","locations":[{"start":{"line":330,"column":32},"end":{"line":330,"column":51}},{"start":{"line":330,"column":55},"end":{"line":330,"column":80}}],"line":330},"27":{"loc":{"start":{"line":352,"column":4},"end":{"line":352,"column":21}},"type":"if","locations":[{"start":{"line":352,"column":4},"end":{"line":352,"column":21}},{"start":{},"end":{}}],"line":352},"28":{"loc":{"start":{"line":359,"column":6},"end":{"line":373,"column":7}},"type":"if","locations":[{"start":{"line":359,"column":6},"end":{"line":373,"column":7}},{"start":{"line":367,"column":13},"end":{"line":373,"column":7}}],"line":359},"29":{"loc":{"start":{"line":362,"column":8},"end":{"line":366,"column":9}},"type":"if","locations":[{"start":{"line":362,"column":8},"end":{"line":366,"column":9}},{"start":{"line":364,"column":15},"end":{"line":366,"column":9}}],"line":362},"30":{"loc":{"start":{"line":368,"column":8},"end":{"line":372,"column":9}},"type":"if","locations":[{"start":{"line":368,"column":8},"end":{"line":372,"column":9}},{"start":{"line":370,"column":15},"end":{"line":372,"column":9}}],"line":368},"31":{"loc":{"start":{"line":399,"column":2},"end":{"line":452,"column":3}},"type":"if","locations":[{"start":{"line":399,"column":2},"end":{"line":452,"column":3}},{"start":{},"end":{}}],"line":399},"32":{"loc":{"start":{"line":455,"column":27},"end":{"line":455,"column":68}},"type":"cond-expr","locations":[{"start":{"line":455,"column":45},"end":{"line":455,"column":63}},{"start":{"line":455,"column":66},"end":{"line":455,"column":68}}],"line":455},"33":{"loc":{"start":{"line":456,"column":7},"end":{"line":466,"column":7}},"type":"binary-expr","locations":[{"start":{"line":456,"column":7},"end":{"line":456,"column":22}},{"start":{"line":457,"column":8},"end":{"line":465,"column":14}}],"line":456},"34":{"loc":{"start":{"line":470,"column":37},"end":{"line":470,"column":68}},"type":"cond-expr","locations":[{"start":{"line":470,"column":57},"end":{"line":470,"column":61}},{"start":{"line":470,"column":64},"end":{"line":470,"column":68}}],"line":470},"35":{"loc":{"start":{"line":482,"column":9},"end":{"line":493,"column":9}},"type":"binary-expr","locations":[{"start":{"line":482,"column":9},"end":{"line":482,"column":23}},{"start":{"line":483,"column":10},"end":{"line":492,"column":16}}],"line":482},"36":{"loc":{"start":{"line":490,"column":66},"end":{"line":490,"column":104}},"type":"cond-expr","locations":[{"start":{"line":490,"column":86},"end":{"line":490,"column":90}},{"start":{"line":490,"column":93},"end":{"line":490,"column":104}}],"line":490},"37":{"loc":{"start":{"line":533,"column":54},"end":{"line":533,"column":87}},"type":"cond-expr","locations":[{"start":{"line":533,"column":71},"end":{"line":533,"column":82}},{"start":{"line":533,"column":85},"end":{"line":533,"column":87}}],"line":533},"38":{"loc":{"start":{"line":533,"column":91},"end":{"line":533,"column":122}},"type":"cond-expr","locations":[{"start":{"line":533,"column":108},"end":{"line":533,"column":117}},{"start":{"line":533,"column":120},"end":{"line":533,"column":122}}],"line":533},"39":{"loc":{"start":{"line":543,"column":21},"end":{"line":543,"column":109}},"type":"binary-expr","locations":[{"start":{"line":543,"column":21},"end":{"line":543,"column":35}},{"start":{"line":543,"column":39},"end":{"line":543,"column":109}}],"line":543},"40":{"loc":{"start":{"line":557,"column":30},"end":{"line":557,"column":76}},"type":"binary-expr","locations":[{"start":{"line":557,"column":30},"end":{"line":557,"column":58}},{"start":{"line":557,"column":62},"end":{"line":557,"column":76}}],"line":557},"41":{"loc":{"start":{"line":576,"column":23},"end":{"line":576,"column":122}},"type":"cond-expr","locations":[{"start":{"line":576,"column":54},"end":{"line":576,"column":86}},{"start":{"line":576,"column":89},"end":{"line":576,"column":122}}],"line":576},"42":{"loc":{"start":{"line":581,"column":21},"end":{"line":597,"column":21}},"type":"cond-expr","locations":[{"start":{"line":582,"column":22},"end":{"line":588,"column":31}},{"start":{"line":590,"column":22},"end":{"line":596,"column":31}}],"line":581},"43":{"loc":{"start":{"line":621,"column":9},"end":{"line":626,"column":9}},"type":"binary-expr","locations":[{"start":{"line":621,"column":9},"end":{"line":621,"column":27}},{"start":{"line":622,"column":10},"end":{"line":625,"column":16}}],"line":621}},"s":{"0":1,"1":1,"2":1,"3":37,"4":156,"5":156,"6":156,"7":1,"8":2,"9":2,"10":2,"11":162,"12":161,"13":161,"14":161,"15":161,"16":161,"17":161,"18":161,"19":161,"20":161,"21":161,"22":18,"23":18,"24":0,"25":18,"26":18,"27":18,"28":18,"29":0,"30":0,"31":0,"32":161,"33":40,"34":22,"35":40,"36":161,"37":20,"38":20,"39":20,"40":161,"41":18,"42":18,"43":1,"44":18,"45":3,"46":161,"47":48,"48":161,"49":48,"50":161,"51":161,"52":40,"53":3,"54":3,"55":0,"56":37,"57":161,"58":12,"59":1,"60":11,"61":11,"62":11,"63":161,"64":2,"65":0,"66":0,"67":2,"68":2,"69":161,"70":5,"71":5,"72":5,"73":4,"74":5,"75":6,"76":161,"77":2,"78":2,"79":2,"80":2,"81":0,"82":161,"83":1,"84":0,"85":1,"86":0,"87":0,"88":0,"89":1,"90":1,"91":1,"92":1,"93":0,"94":1,"95":1,"96":0,"97":1,"98":1,"99":1,"100":1,"101":1,"102":0,"103":1,"104":1,"105":0,"106":0,"107":0,"108":0,"109":0,"110":0,"111":0,"112":1,"113":161,"114":4,"115":0,"116":0,"117":4,"118":5,"119":161,"120":0,"121":0,"122":0,"123":0,"124":0,"125":161,"126":73,"127":1,"128":161,"129":0,"130":0,"131":0,"132":0,"133":0,"134":0,"135":0,"136":0,"137":0,"138":0,"139":0,"140":0,"141":0,"142":161,"143":0,"144":0,"145":0,"146":0,"147":0,"148":0,"149":0,"150":0,"151":0,"152":0,"153":0,"154":0,"155":0,"156":0,"157":0,"158":0,"159":0,"160":161,"161":4,"162":4,"163":4,"164":4,"165":200,"166":4,"167":161,"168":3,"169":3,"170":2,"171":33,"172":158,"173":2,"174":3,"175":0,"176":72,"177":48,"178":48,"179":5,"180":2,"181":1,"182":1,"183":1,"184":0,"185":0},"f":{"0":37,"1":156,"2":156,"3":156,"4":1,"5":2,"6":2,"7":2,"8":162,"9":18,"10":0,"11":40,"12":22,"13":20,"14":18,"15":18,"16":1,"17":48,"18":48,"19":40,"20":0,"21":12,"22":2,"23":2,"24":5,"25":5,"26":6,"27":2,"28":2,"29":1,"30":0,"31":1,"32":1,"33":1,"34":0,"35":1,"36":1,"37":1,"38":4,"39":5,"40":0,"41":0,"42":73,"43":0,"44":0,"45":0,"46":4,"47":2,"48":33,"49":2,"50":3,"51":0,"52":72,"53":48,"54":48,"55":5,"56":2,"57":1,"58":1,"59":1,"60":0,"61":0},"b":{"0":[0,18],"1":[18,18],"2":[0,18],"3":[0,0],"4":[0,0],"5":[3,15],"6":[3,37],"7":[40,20],"8":[1,11],"9":[0,2],"10":[4,1],"11":[5,5],"12":[5,1],"13":[2,0],"14":[0,1],"15":[0,0],"16":[0,1],"17":[0,1],"18":[0,1],"19":[0,0],"20":[0,0],"21":[0,4],"22":[4,1],"23":[0,0],"24":[0,0],"25":[1,72],"26":[0,0],"27":[0,0],"28":[0,0],"29":[0,0],"30":[0,0],"31":[3,158],"32":[4,154],"33":[158,4],"34":[1,1],"35":[158,44],"36":[44,0],"37":[8,40],"38":[4,44],"39":[48,8],"40":[48,2],"41":[48,0],"42":[44,4],"43":[158,114]},"_coverageSchema":"1a1c01bbd47fc00a2c39e90264f33305004495a9","hash":"4bcee9ece04961ada00637c5940b64a20bc166cb"}
,"/workspace/pomotodo/src/utils.js": {"path":"/workspace/pomotodo/src/utils.js","statementMap":{"0":{"start":{"line":6,"column":26},"end":{"line":10,"column":1}},"1":{"start":{"line":7,"column":15},"end":{"line":7,"column":39}},"2":{"start":{"line":8,"column":15},"end":{"line":8,"column":27}},"3":{"start":{"line":9,"column":2},"end":{"line":9,"column":83}},"4":{"start":{"line":17,"column":28},"end":{"line":67,"column":1}},"5":{"start":{"line":18,"column":16},"end":{"line":18,"column":18}},"6":{"start":{"line":19,"column":16},"end":{"line":19,"column":26}},"7":{"start":{"line":20,"column":19},"end":{"line":20,"column":70}},"8":{"start":{"line":22,"column":22},"end":{"line":22,"column":59}},"9":{"start":{"line":24,"column":2},"end":{"line":64,"column":5}},"10":{"start":{"line":25,"column":18},"end":{"line":25,"column":35}},"11":{"start":{"line":26,"column":18},"end":{"line":26,"column":20}},"12":{"start":{"line":27,"column":18},"end":{"line":27,"column":20}},"13":{"start":{"line":28,"column":17},"end":{"line":28,"column":19}},"14":{"start":{"line":29,"column":22},"end":{"line":29,"column":24}},"15":{"start":{"line":31,"column":4},"end":{"line":41,"column":7}},"16":{"start":{"line":32,"column":6},"end":{"line":40,"column":7}},"17":{"start":{"line":33,"column":8},"end":{"line":33,"column":43}},"18":{"start":{"line":34,"column":13},"end":{"line":40,"column":7}},"19":{"start":{"line":35,"column":8},"end":{"line":35,"column":44}},"20":{"start":{"line":36,"column":13},"end":{"line":40,"column":7}},"21":{"start":{"line":37,"column":8},"end":{"line":37,"column":42}},"22":{"start":{"line":38,"column":13},"end":{"line":40,"column":7}},"23":{"start":{"line":39,"column":8},"end":{"line":39,"column":48}},"24":{"start":{"line":44,"column":4},"end":{"line":63,"column":5}},"25":{"start":{"line":46,"column":31},"end":{"line":46,"column":32}},"26":{"start":{"line":47,"column":24},"end":{"line":47,"column":53}},"27":{"start":{"line":48,"column":6},"end":{"line":51,"column":7}},"28":{"start":{"line":49,"column":22},"end":{"line":49,"column":44}},"29":{"start":{"line":50,"column":8},"end":{"line":50,"column":50}},"30":{"start":{"line":53,"column":6},"end":{"line":62,"column":9}},"31":{"start":{"line":66,"column":2},"end":{"line":66,"column":15}}},"fnMap":{"0":{"name":"(anonymous_0)","decl":{"start":{"line":6,"column":26},"end":{"line":6,"column":27}},"loc":{"start":{"line":6,"column":39},"end":{"line":10,"column":1}},"line":6},"1":{"name":"(anonymous_1)","decl":{"start":{"line":17,"column":28},"end":{"line":17,"column":29}},"loc":{"start":{"line":17,"column":41},"end":{"line":67,"column":1}},"line":17},"2":{"name":"(anonymous_2)","decl":{"start":{"line":24,"column":22},"end":{"line":24,"column":23}},"loc":{"start":{"line":24,"column":31},"end":{"line":64,"column":3}},"line":24},"3":{"name":"(anonymous_3)","decl":{"start":{"line":31,"column":18},"end":{"line":31,"column":19}},"loc":{"start":{"line":31,"column":26},"end":{"line":41,"column":5}},"line":31}},"branchMap":{"0":{"loc":{"start":{"line":32,"column":6},"end":{"line":40,"column":7}},"type":"if","locations":[{"start":{"line":32,"column":6},"end":{"line":40,"column":7}},{"start":{"line":34,"column":13},"end":{"line":40,"column":7}}],"line":32},"1":{"loc":{"start":{"line":34,"column":13},"end":{"line":40,"column":7}},"type":"if","locations":[{"start":{"line":34,"column":13},"end":{"line":40,"column":7}},{"start":{"line":36,"column":13},"end":{"line":40,"column":7}}],"line":34},"2":{"loc":{"start":{"line":36,"column":13},"end":{"line":40,"column":7}},"type":"if","locations":[{"start":{"line":36,"column":13},"end":{"line":40,"column":7}},{"start":{"line":38,"column":13},"end":{"line":40,"column":7}}],"line":36},"3":{"loc":{"start":{"line":38,"column":13},"end":{"line":40,"column":7}},"type":"if","locations":[{"start":{"line":38,"column":13},"end":{"line":40,"column":7}},{"start":{},"end":{}}],"line":38},"4":{"loc":{"start":{"line":44,"column":4},"end":{"line":63,"column":5}},"type":"if","locations":[{"start":{"line":44,"column":4},"end":{"line":63,"column":5}},{"start":{},"end":{}}],"line":44},"5":{"loc":{"start":{"line":44,"column":8},"end":{"line":44,"column":65}},"type":"binary-expr","locations":[{"start":{"line":44,"column":8},"end":{"line":44,"column":28}},{"start":{"line":44,"column":32},"end":{"line":44,"column":54}},{"start":{"line":44,"column":58},"end":{"line":44,"column":65}}],"line":44},"6":{"loc":{"start":{"line":48,"column":6},"end":{"line":51,"column":7}},"type":"if","locations":[{"start":{"line":48,"column":6},"end":{"line":51,"column":7}},{"start":{},"end":{}}],"line":48}},"s":{"0":2,"1":55,"2":55,"3":55,"4":2,"5":8,"6":8,"7":8,"8":8,"9":8,"10":9,"11":9,"12":9,"13":9,"14":9,"15":9,"16":58,"17":9,"18":49,"19":9,"20":40,"21":9,"22":31,"23":4,"24":9,"25":7,"26":7,"27":7,"28":3,"29":3,"30":7,"31":8},"f":{"0":55,"1":8,"2":9,"3":58},"b":{"0":[9,49],"1":[9,40],"2":[9,31],"3":[4,27],"4":[7,2],"5":[9,8,7],"6":[3,4]},"_coverageSchema":"1a1c01bbd47fc00a2c39e90264f33305004495a9","hash":"54f5c0d04318b344d67458b3f0e9d474ff5f9905"}
}
