TN:
SF:src/App.jsx
FN:14,(anonymous_0)
FN:18,(anonymous_1)
FN:19,(anonymous_2)
FN:20,(anonymous_3)
FN:64,(anonymous_4)
FN:68,(anonymous_5)
FN:69,(anonymous_6)
FN:70,(anonymous_7)
FN:112,App
FN:124,(anonymous_9)
FN:138,(anonymous_10)
FN:147,(anonymous_11)
FN:148,(anonymous_12)
FN:152,(anonymous_13)
FN:161,(anonymous_14)
FN:162,(anonymous_15)
FN:163,(anonymous_16)
FN:170,(anonymous_17)
FN:171,(anonymous_18)
FN:174,(anonymous_19)
FN:177,(anonymous_20)
FN:185,(anonymous_21)
FN:203,(anonymous_22)
FN:208,(anonymous_23)
FN:211,(anonymous_24)
FN:212,(anonymous_25)
FN:216,(anonymous_26)
FN:221,(anonymous_27)
FN:222,(anonymous_28)
FN:231,(anonymous_29)
FN:235,(anonymous_30)
FN:242,(anonymous_31)
FN:243,(anonymous_32)
FN:246,(anonymous_33)
FN:246,(anonymous_34)
FN:257,(anonymous_35)
FN:258,(anonymous_36)
FN:258,(anonymous_37)
FN:296,(anonymous_38)
FN:301,(anonymous_39)
FN:306,(anonymous_40)
FN:311,(anonymous_41)
FN:321,(anonymous_42)
FN:327,(anonymous_43)
FN:350,(anonymous_44)
FN:355,(anonymous_45)
FN:379,(anonymous_46)
FN:405,(anonymous_47)
FN:437,(anonymous_48)
FN:470,(anonymous_49)
FN:474,(anonymous_50)
FN:505,(anonymous_51)
FN:517,(anonymous_52)
FN:528,(anonymous_53)
FN:532,(anonymous_54)
FN:539,(anonymous_55)
FN:546,(anonymous_56)
FN:556,(anonymous_57)
FN:566,(anonymous_58)
FN:584,(anonymous_59)
FN:592,(anonymous_60)
FN:600,(anonymous_61)
FNF:62
FNH:50
FNDA:37,(anonymous_0)
FNDA:156,(anonymous_1)
FNDA:156,(anonymous_2)
FNDA:156,(anonymous_3)
FNDA:1,(anonymous_4)
FNDA:2,(anonymous_5)
FNDA:2,(anonymous_6)
FNDA:2,(anonymous_7)
FNDA:162,App
FNDA:18,(anonymous_9)
FNDA:0,(anonymous_10)
FNDA:40,(anonymous_11)
FNDA:22,(anonymous_12)
FNDA:20,(anonymous_13)
FNDA:18,(anonymous_14)
FNDA:18,(anonymous_15)
FNDA:1,(anonymous_16)
FNDA:48,(anonymous_17)
FNDA:48,(anonymous_18)
FNDA:40,(anonymous_19)
FNDA:0,(anonymous_20)
FNDA:12,(anonymous_21)
FNDA:2,(anonymous_22)
FNDA:2,(anonymous_23)
FNDA:5,(anonymous_24)
FNDA:5,(anonymous_25)
FNDA:6,(anonymous_26)
FNDA:2,(anonymous_27)
FNDA:2,(anonymous_28)
FNDA:1,(anonymous_29)
FNDA:0,(anonymous_30)
FNDA:1,(anonymous_31)
FNDA:1,(anonymous_32)
FNDA:1,(anonymous_33)
FNDA:0,(anonymous_34)
FNDA:1,(anonymous_35)
FNDA:1,(anonymous_36)
FNDA:1,(anonymous_37)
FNDA:4,(anonymous_38)
FNDA:5,(anonymous_39)
FNDA:0,(anonymous_40)
FNDA:0,(anonymous_41)
FNDA:73,(anonymous_42)
FNDA:0,(anonymous_43)
FNDA:0,(anonymous_44)
FNDA:0,(anonymous_45)
FNDA:4,(anonymous_46)
FNDA:2,(anonymous_47)
FNDA:33,(anonymous_48)
FNDA:2,(anonymous_49)
FNDA:3,(anonymous_50)
FNDA:0,(anonymous_51)
FNDA:72,(anonymous_52)
FNDA:48,(anonymous_53)
FNDA:48,(anonymous_54)
FNDA:5,(anonymous_55)
FNDA:2,(anonymous_56)
FNDA:1,(anonymous_57)
FNDA:1,(anonymous_58)
FNDA:1,(anonymous_59)
FNDA:0,(anonymous_60)
FNDA:0,(anonymous_61)
DA:5,1
DA:6,1
DA:9,1
DA:14,37
DA:18,156
DA:19,156
DA:20,156
DA:64,1
DA:68,2
DA:69,2
DA:70,2
DA:113,162
DA:114,161
DA:115,161
DA:116,161
DA:117,161
DA:118,161
DA:119,161
DA:120,161
DA:121,161
DA:122,161
DA:124,161
DA:126,18
DA:127,18
DA:128,0
DA:132,18
DA:133,18
DA:135,18
DA:136,18
DA:137,0
DA:138,0
DA:147,161
DA:148,40
DA:149,40
DA:152,161
DA:154,20
DA:157,20
DA:158,20
DA:161,161
DA:162,18
DA:163,18
DA:164,18
DA:165,3
DA:170,161
DA:171,161
DA:172,161
DA:174,161
DA:175,40
DA:176,3
DA:177,3
DA:178,0
DA:181,37
DA:185,161
DA:186,12
DA:188,11
DA:199,11
DA:200,11
DA:203,161
DA:204,2
DA:205,0
DA:206,0
DA:208,2
DA:211,161
DA:212,5
DA:213,5
DA:214,4
DA:216,5
DA:217,6
DA:221,161
DA:222,2
DA:223,2
DA:224,2
DA:225,2
DA:227,0
DA:231,161
DA:232,1
DA:235,1
DA:236,0
DA:237,0
DA:238,0
DA:242,1
DA:243,1
DA:244,1
DA:246,1
DA:251,1
DA:257,1
DA:258,1
DA:259,1
DA:261,1
DA:263,1
DA:265,0
DA:268,0
DA:269,0
DA:270,0
DA:273,0
DA:274,0
DA:282,0
DA:291,1
DA:296,161
DA:297,4
DA:298,0
DA:299,0
DA:301,4
DA:302,5
DA:306,161
DA:307,0
DA:308,0
DA:309,0
DA:311,0
DA:312,0
DA:321,161
DA:322,73
DA:323,1
DA:327,161
DA:328,0
DA:330,0
DA:331,0
DA:332,0
DA:334,0
DA:335,0
DA:337,0
DA:338,0
DA:340,0
DA:341,0
DA:343,0
DA:344,0
DA:346,0
DA:350,161
DA:351,0
DA:352,0
DA:354,0
DA:355,0
DA:356,0
DA:357,0
DA:359,0
DA:361,0
DA:362,0
DA:363,0
DA:365,0
DA:368,0
DA:369,0
DA:371,0
DA:375,0
DA:376,0
DA:379,161
DA:380,4
DA:381,4
DA:382,4
DA:383,200
DA:396,4
DA:399,161
DA:400,3
DA:401,3
DA:405,2
DA:438,33
DA:454,158
DA:470,2
DA:474,3
DA:505,0
DA:517,72
DA:528,48
DA:533,48
DA:539,5
DA:546,2
DA:556,1
DA:566,1
DA:584,1
DA:592,0
DA:600,0
LF:169
LH:113
BRDA:127,0,0,0
BRDA:127,0,1,18
BRDA:133,1,0,18
BRDA:133,1,1,18
BRDA:136,2,0,0
BRDA:136,2,1,18
BRDA:141,3,0,0
BRDA:141,3,1,0
BRDA:142,4,0,0
BRDA:142,4,1,0
BRDA:164,5,0,3
BRDA:164,5,1,15
BRDA:175,6,0,3
BRDA:175,6,1,37
BRDA:175,7,0,40
BRDA:175,7,1,20
BRDA:186,8,0,1
BRDA:186,8,1,11
BRDA:204,9,0,0
BRDA:204,9,1,2
BRDA:213,10,0,4
BRDA:213,10,1,1
BRDA:213,11,0,5
BRDA:213,11,1,5
BRDA:217,12,0,5
BRDA:217,12,1,1
BRDA:223,13,0,2
BRDA:223,13,1,0
BRDA:232,14,0,0
BRDA:232,14,1,1
BRDA:236,15,0,0
BRDA:236,15,1,0
BRDA:244,16,0,0
BRDA:244,16,1,1
BRDA:259,17,0,0
BRDA:259,17,1,1
BRDA:263,18,0,0
BRDA:263,18,1,1
BRDA:268,19,0,0
BRDA:268,19,1,0
BRDA:273,20,0,0
BRDA:273,20,1,0
BRDA:297,21,0,0
BRDA:297,21,1,4
BRDA:302,22,0,4
BRDA:302,22,1,1
BRDA:307,23,0,0
BRDA:307,23,1,0
BRDA:312,24,0,0
BRDA:312,24,1,0
BRDA:322,25,0,1
BRDA:322,25,1,72
BRDA:330,26,0,0
BRDA:330,26,1,0
BRDA:352,27,0,0
BRDA:352,27,1,0
BRDA:359,28,0,0
BRDA:359,28,1,0
BRDA:362,29,0,0
BRDA:362,29,1,0
BRDA:368,30,0,0
BRDA:368,30,1,0
BRDA:399,31,0,3
BRDA:399,31,1,158
BRDA:455,32,0,4
BRDA:455,32,1,154
BRDA:456,33,0,158
BRDA:456,33,1,4
BRDA:470,34,0,1
BRDA:470,34,1,1
BRDA:482,35,0,158
BRDA:482,35,1,44
BRDA:490,36,0,44
BRDA:490,36,1,0
BRDA:533,37,0,8
BRDA:533,37,1,40
BRDA:533,38,0,4
BRDA:533,38,1,44
BRDA:543,39,0,48
BRDA:543,39,1,8
BRDA:557,40,0,48
BRDA:557,40,1,2
BRDA:576,41,0,48
BRDA:576,41,1,0
BRDA:581,42,0,44
BRDA:581,42,1,4
BRDA:621,43,0,158
BRDA:621,43,1,114
BRF:88
BRH:53
end_of_record
TN:
SF:src/utils.js
FN:6,(anonymous_0)
FN:17,(anonymous_1)
FN:24,(anonymous_2)
FN:31,(anonymous_3)
FNF:4
FNH:4
FNDA:55,(anonymous_0)
FNDA:8,(anonymous_1)
FNDA:9,(anonymous_2)
FNDA:58,(anonymous_3)
DA:6,2
DA:7,55
DA:8,55
DA:9,55
DA:17,2
DA:18,8
DA:19,8
DA:20,8
DA:22,8
DA:24,8
DA:25,9
DA:26,9
DA:27,9
DA:28,9
DA:29,9
DA:31,9
DA:32,58
DA:33,9
DA:34,49
DA:35,9
DA:36,40
DA:37,9
DA:38,31
DA:39,4
DA:44,9
DA:46,7
DA:47,7
DA:48,7
DA:49,3
DA:50,3
DA:53,7
DA:66,8
LF:32
LH:32
BRDA:32,0,0,9
BRDA:32,0,1,49
BRDA:34,1,0,9
BRDA:34,1,1,40
BRDA:36,2,0,9
BRDA:36,2,1,31
BRDA:38,3,0,4
BRDA:38,3,1,27
BRDA:44,4,0,7
BRDA:44,4,1,2
BRDA:44,5,0,9
BRDA:44,5,1,8
BRDA:44,5,2,7
BRDA:48,6,0,3
BRDA:48,6,1,4
BRF:15
BRH:15
end_of_record
